<?xml version="1.0" encoding="UTF-8"?>
<!-- Generated by org.testng.reporters.JUnitReportReporter -->
<testsuite hostname="LAPTOP-QESHLQ6F" failures="0" tests="1" name="org.iit.healthcare.mmpsigma.mmpsigma.src.test.java.org.iit.healthcare.mmpsigma.ScheduleAppointmentTests_DP" time="24.340" errors="0" timestamp="2023-12-14T17:09:08 CST" skipped="0">
  <testcase classname="org.iit.healthcare.mmpsigma.mmpsigma.src.test.java.org.iit.healthcare.mmpsigma.ScheduleAppointmentTests_DP" name="validateScheduleAppointment" time="24.340"/>
  <system-out/>
</testsuite> <!-- org.iit.healthcare.mmpsigma.mmpsigma.src.test.java.org.iit.healthcare.mmpsigma.ScheduleAppointmentTests_DP -->
