<?xml version="1.0" encoding="UTF-8"?>
<!-- Generated by org.testng.reporters.JUnitReportReporter -->
<testsuite hostname="LAPTOP-QESHLQ6F" failures="0" tests="1" name="org.iit.healthcare.mmpsigma.mmpsigma.src.test.java.org.iit.healthcare.mmpsigma.ScheduleAppointmentTests" time="21.178" errors="0" timestamp="2023-12-14T17:10:12 CST" skipped="0">
  <testcase classname="org.iit.healthcare.mmpsigma.mmpsigma.src.test.java.org.iit.healthcare.mmpsigma.ScheduleAppointmentTests" name="validateScheduleAppointment" time="21.178"/>
  <system-out/>
</testsuite> <!-- org.iit.healthcare.mmpsigma.mmpsigma.src.test.java.org.iit.healthcare.mmpsigma.ScheduleAppointmentTests -->
