<?xml version="1.0" encoding="UTF-8"?>
<!-- Generated by org.testng.reporters.JUnitReportReporter -->
<testsuite hostname="LAPTOP-QESHLQ6F" failures="0" tests="1" name="org.iit.healthcare.mmpsigma.EditProfileTests" time="8.322" errors="0" timestamp="2023-12-13T17:45:36 CST" skipped="0">
  <testcase classname="org.iit.healthcare.mmpsigma.EditProfileTests" name="validatefirstName" time="8.322"/>
  <system-out/>
</testsuite> <!-- org.iit.healthcare.mmpsigma.EditProfileTests -->
